app/build/intermediates/manifest_merge_blame_file/debug/manifest-merger-blame-debug-report.txt
1<?xml version="1.0" encoding="utf-8"?>
2<manifest xmlns:android="http://schemas.android.com/apk/res/android"
3    package="com.example.fadin.mynote"
4    android:versionCode="1"
5    android:versionName="1.0" >
6
7    <uses-sdk
8        android:minSdkVersion="16"
8-->src\main\AndroidManifest.xml
9        android:targetSdkVersion="30" />
9-->src\main\AndroidManifest.xml
10
11    <application
11-->src\main\AndroidManifest.xml:5:5-45:19
12        android:allowBackup="true"
12-->src\main\AndroidManifest.xml:6:9-35
13        android:debuggable="true"
14        android:icon="@mipmap/icon"
14-->src\main\AndroidManifest.xml:7:9-36
15        android:label="@string/app_name"
15-->src\main\AndroidManifest.xml:8:9-41
16        android:roundIcon="@mipmap/icon_round"
16-->src\main\AndroidManifest.xml:9:9-47
17        android:supportsRtl="true"
17-->src\main\AndroidManifest.xml:10:9-35
18        android:testOnly="true"
19        android:theme="@style/AppTheme" >
19-->src\main\AndroidManifest.xml:11:9-40
20        <activity
20-->src\main\AndroidManifest.xml:12:9-21:20
21            android:name="com.example.fadin.mynote.MainActivity"
21-->src\main\AndroidManifest.xml:13:13-41
22            android:label="@string/app_name"
22-->src\main\AndroidManifest.xml:14:13-45
23            android:theme="@style/AppTheme.NoActionBar" >
23-->src\main\AndroidManifest.xml:15:13-56
24            <intent-filter>
24-->src\main\AndroidManifest.xml:16:13-20:29
25                <action android:name="android.intent.action.MAIN" />
25-->src\main\AndroidManifest.xml:17:17-69
25-->src\main\AndroidManifest.xml:17:25-66
26
27                <category android:name="android.intent.category.LAUNCHER" />
27-->src\main\AndroidManifest.xml:19:17-77
27-->src\main\AndroidManifest.xml:19:27-74
28            </intent-filter>
29        </activity>
30        <activity
30-->src\main\AndroidManifest.xml:22:9-25:59
31            android:name="com.example.fadin.mynote.SubareaActivity"
31-->src\main\AndroidManifest.xml:23:13-44
32            android:label="@string/title_activity_subarea"
32-->src\main\AndroidManifest.xml:24:13-59
33            android:theme="@style/AppTheme.NoActionBar" />
33-->src\main\AndroidManifest.xml:25:13-56
34        <activity
34-->src\main\AndroidManifest.xml:26:9-29:59
35            android:name="com.example.fadin.mynote.NoteActivity"
35-->src\main\AndroidManifest.xml:27:13-41
36            android:label="@string/title_activity_note"
36-->src\main\AndroidManifest.xml:28:13-56
37            android:theme="@style/AppTheme.NoActionBar" />
37-->src\main\AndroidManifest.xml:29:13-56
38        <activity
38-->src\main\AndroidManifest.xml:30:9-33:59
39            android:name="com.example.fadin.mynote.AddnoteActivity"
39-->src\main\AndroidManifest.xml:31:13-44
40            android:label="@string/title_activity_addnote"
40-->src\main\AndroidManifest.xml:32:13-59
41            android:theme="@style/AppTheme.NoActionBar" />
41-->src\main\AndroidManifest.xml:33:13-56
42        <activity
42-->src\main\AndroidManifest.xml:34:9-37:59
43            android:name="com.example.fadin.mynote.SearchActivity"
43-->src\main\AndroidManifest.xml:35:13-43
44            android:label="@string/title_activity_search"
44-->src\main\AndroidManifest.xml:36:13-58
45            android:theme="@style/AppTheme.NoActionBar" />
45-->src\main\AndroidManifest.xml:37:13-56
46        <activity
46-->src\main\AndroidManifest.xml:38:9-41:59
47            android:name="com.example.fadin.mynote.PlayGameActivity"
47-->src\main\AndroidManifest.xml:39:13-45
48            android:label="@string/title_activity_play"
48-->src\main\AndroidManifest.xml:40:13-56
49            android:theme="@style/AppTheme.NoActionBar" />
49-->src\main\AndroidManifest.xml:41:13-56
50        <activity
50-->src\main\AndroidManifest.xml:42:9-44:72
51            android:name="com.example.fadin.mynote.SettingsActivity"
51-->src\main\AndroidManifest.xml:43:13-45
52            android:label="@string/title_activity_settings" />
52-->src\main\AndroidManifest.xml:44:13-60
53    </application>
54
55</manifest>